{"/Users/valter/Documents/HackerRank/acm_icp_team/index.js": {"path":"/Users/valter/Documents/HackerRank/acm_icp_team/index.js","all":false,"statementMap":{"0":{"start":{"line":1,"column":0},"end":{"line":1,"column":3}},"1":{"start":{"line":2,"column":0},"end":{"line":2,"column":89}},"2":{"start":{"line":3,"column":0},"end":{"line":3,"column":3}},"3":{"start":{"line":4,"column":0},"end":{"line":4,"column":0}},"4":{"start":{"line":5,"column":0},"end":{"line":5,"column":32}},"5":{"start":{"line":6,"column":0},"end":{"line":6,"column":14}},"6":{"start":{"line":7,"column":0},"end":{"line":7,"column":18}},"7":{"start":{"line":8,"column":0},"end":{"line":8,"column":0}},"8":{"start":{"line":9,"column":0},"end":{"line":9,"column":42}},"9":{"start":{"line":10,"column":0},"end":{"line":10,"column":4}},"10":{"start":{"line":11,"column":0},"end":{"line":11,"column":50}},"11":{"start":{"line":12,"column":0},"end":{"line":12,"column":0}},"12":{"start":{"line":13,"column":0},"end":{"line":13,"column":17}},"13":{"start":{"line":14,"column":0},"end":{"line":14,"column":49}},"14":{"start":{"line":15,"column":0},"end":{"line":15,"column":55}},"15":{"start":{"line":16,"column":0},"end":{"line":16,"column":7}},"16":{"start":{"line":17,"column":0},"end":{"line":17,"column":0}},"17":{"start":{"line":18,"column":0},"end":{"line":18,"column":22}},"18":{"start":{"line":19,"column":0},"end":{"line":19,"column":28}},"19":{"start":{"line":20,"column":0},"end":{"line":20,"column":5}},"20":{"start":{"line":21,"column":0},"end":{"line":21,"column":3}},"21":{"start":{"line":22,"column":0},"end":{"line":22,"column":0}},"22":{"start":{"line":23,"column":0},"end":{"line":23,"column":10}},"23":{"start":{"line":24,"column":0},"end":{"line":24,"column":8}},"24":{"start":{"line":25,"column":0},"end":{"line":25,"column":41}},"25":{"start":{"line":26,"column":0},"end":{"line":26,"column":3}},"26":{"start":{"line":27,"column":0},"end":{"line":27,"column":1}}},"s":{"0":1,"1":1,"2":1,"3":1,"4":1,"5":1,"6":1,"7":1,"8":1,"9":3,"10":3,"11":6,"12":6,"13":6,"14":36,"15":36,"16":6,"17":6,"18":6,"19":6,"20":3,"21":1,"22":1,"23":1,"24":1,"25":1,"26":1},"branchMap":{"0":{"type":"branch","line":5,"loc":{"start":{"line":5,"column":7},"end":{"line":27,"column":1}},"locations":[{"start":{"line":5,"column":7},"end":{"line":27,"column":1}}]},"1":{"type":"branch","line":9,"loc":{"start":{"line":9,"column":41},"end":{"line":21,"column":3}},"locations":[{"start":{"line":9,"column":41},"end":{"line":21,"column":3}}]},"2":{"type":"branch","line":11,"loc":{"start":{"line":11,"column":49},"end":{"line":20,"column":5}},"locations":[{"start":{"line":11,"column":49},"end":{"line":20,"column":5}}]},"3":{"type":"branch","line":14,"loc":{"start":{"line":14,"column":48},"end":{"line":16,"column":7}},"locations":[{"start":{"line":14,"column":48},"end":{"line":16,"column":7}}]},"4":{"type":"branch","line":15,"loc":{"start":{"line":15,"column":32},"end":{"line":15,"column":54}},"locations":[{"start":{"line":15,"column":32},"end":{"line":15,"column":54}}]},"5":{"type":"branch","line":19,"loc":{"start":{"line":19,"column":20},"end":{"line":19,"column":28}},"locations":[{"start":{"line":19,"column":20},"end":{"line":19,"column":28}}]},"6":{"type":"branch","line":25,"loc":{"start":{"line":25,"column":19},"end":{"line":25,"column":32}},"locations":[{"start":{"line":25,"column":19},"end":{"line":25,"column":32}}]}},"b":{"0":[1],"1":[3],"2":[6],"3":[36],"4":[18],"5":[2],"6":[6]},"fnMap":{"0":{"name":"acmTeam","decl":{"start":{"line":5,"column":7},"end":{"line":27,"column":1}},"loc":{"start":{"line":5,"column":7},"end":{"line":27,"column":1}},"line":5}},"f":{"0":1}}
}
